This is pdfTeX, Version 3.14159265-2.6-1.40.16 (TeX Live 2015) (preloaded format=pdflatex 2015.5.24)  1 MAR 2016 15:26
entering extended mode
 restricted \write18 enabled.
 %&-line parsing enabled.
**proposal_measure_milky_way_draft1.tex
(./proposal_measure_milky_way_draft1.tex
LaTeX2e <2015/01/01>
Babel <3.9l> and hyphenation patterns for 79 languages loaded.
(/usr/local/texlive/2015/texmf-dist/tex/latex/base/article.cls
Document Class: article 2014/09/29 v1.4h Standard LaTeX document class
(/usr/local/texlive/2015/texmf-dist/tex/latex/base/size11.clo
File: size11.clo 2014/09/29 v1.4h Standard LaTeX file (size option)
)
\c@part=\count79
\c@section=\count80
\c@subsection=\count81
\c@subsubsection=\count82
\c@paragraph=\count83
\c@subparagraph=\count84
\c@figure=\count85
\c@table=\count86
\abovecaptionskip=\skip41
\belowcaptionskip=\skip42
\bibindent=\dimen102
)
(/usr/local/texlive/2015/texmf-dist/tex/latex/graphics/graphics.sty
Package: graphics 2014/10/28 v1.0p Standard LaTeX Graphics (DPC,SPQR)

(/usr/local/texlive/2015/texmf-dist/tex/latex/graphics/trig.sty
Package: trig 1999/03/16 v1.09 sin cos tan (DPC)
)
(/usr/local/texlive/2015/texmf-dist/tex/latex/latexconfig/graphics.cfg
File: graphics.cfg 2010/04/23 v1.9 graphics configuration of TeX Live
)
Package graphics Info: Driver file: pdftex.def on input line 94.

(/usr/local/texlive/2015/texmf-dist/tex/latex/pdftex-def/pdftex.def
File: pdftex.def 2011/05/27 v0.06d Graphics/color for pdfTeX

(/usr/local/texlive/2015/texmf-dist/tex/generic/oberdiek/infwarerr.sty
Package: infwarerr 2010/04/08 v1.3 Providing info/warning/error messages (HO)
)
(/usr/local/texlive/2015/texmf-dist/tex/generic/oberdiek/ltxcmds.sty
Package: ltxcmds 2011/11/09 v1.22 LaTeX kernel commands for general use (HO)
)
\Gread@gobject=\count87
))
(/usr/local/texlive/2015/texmf-dist/tex/latex/graphics/graphicx.sty
Package: graphicx 2014/10/28 v1.0g Enhanced LaTeX Graphics (DPC,SPQR)

(/usr/local/texlive/2015/texmf-dist/tex/latex/graphics/keyval.sty
Package: keyval 2014/10/28 v1.15 key=value parser (DPC)
\KV@toks@=\toks14
)
\Gin@req@height=\dimen103
\Gin@req@width=\dimen104
)
(/usr/local/texlive/2015/texmf-dist/tex/latex/psnfss/times.sty
Package: times 2005/04/12 PSNFSS-v9.2a (SPQR) 
)
(/usr/local/texlive/2015/texmf-dist/tex/latex/float/float.sty
Package: float 2001/11/08 v1.3d Float enhancements (AL)
\c@float@type=\count88
\float@exts=\toks15
\float@box=\box26
\@float@everytoks=\toks16
\@floatcapt=\box27
)
(/usr/local/texlive/2015/texmf-dist/tex/latex/caption/subcaption.sty
Package: subcaption 2013/02/03 v1.1-62 Sub-captions (AR)

(/usr/local/texlive/2015/texmf-dist/tex/latex/caption/caption.sty
Package: caption 2013/05/02 v3.3-89 Customizing captions (AR)

(/usr/local/texlive/2015/texmf-dist/tex/latex/caption/caption3.sty
Package: caption3 2013/05/02 v1.6-88 caption3 kernel (AR)
Package caption3 Info: TeX engine: e-TeX on input line 57.
\captionmargin=\dimen105
\captionmargin@=\dimen106
\captionwidth=\dimen107
\caption@tempdima=\dimen108
\caption@indent=\dimen109
\caption@parindent=\dimen110
\caption@hangindent=\dimen111
)
\c@ContinuedFloat=\count89
Package caption Info: float package is loaded.
)
\c@subfigure=\count90
\c@subtable=\count91
)
(/usr/local/texlive/2015/texmf-dist/tex/latex/hyperref/hyperref.sty
Package: hyperref 2012/11/06 v6.83m Hypertext links for LaTeX

(/usr/local/texlive/2015/texmf-dist/tex/generic/oberdiek/hobsub-hyperref.sty
Package: hobsub-hyperref 2012/05/28 v1.13 Bundle oberdiek, subset hyperref (HO)


(/usr/local/texlive/2015/texmf-dist/tex/generic/oberdiek/hobsub-generic.sty
Package: hobsub-generic 2012/05/28 v1.13 Bundle oberdiek, subset generic (HO)
Package: hobsub 2012/05/28 v1.13 Construct package bundles (HO)
Package hobsub Info: Skipping package `infwarerr' (already loaded).
Package hobsub Info: Skipping package `ltxcmds' (already loaded).
Package: ifluatex 2010/03/01 v1.3 Provides the ifluatex switch (HO)
Package ifluatex Info: LuaTeX not detected.
Package: ifvtex 2010/03/01 v1.5 Detect VTeX and its facilities (HO)
Package ifvtex Info: VTeX not detected.
Package: intcalc 2007/09/27 v1.1 Expandable calculations with integers (HO)
Package: ifpdf 2011/01/30 v2.3 Provides the ifpdf switch (HO)
Package ifpdf Info: pdfTeX in PDF mode is detected.
Package: etexcmds 2011/02/16 v1.5 Avoid name clashes with e-TeX commands (HO)
Package etexcmds Info: Could not find \expanded.
(etexcmds)             That can mean that you are not using pdfTeX 1.50 or
(etexcmds)             that some package has redefined \expanded.
(etexcmds)             In the latter case, load this package earlier.
Package: kvsetkeys 2012/04/25 v1.16 Key value parser (HO)
Package: kvdefinekeys 2011/04/07 v1.3 Define keys (HO)
Package: pdftexcmds 2011/11/29 v0.20 Utility functions of pdfTeX for LuaTeX (HO
)
Package pdftexcmds Info: LuaTeX not detected.
Package pdftexcmds Info: \pdf@primitive is available.
Package pdftexcmds Info: \pdf@ifprimitive is available.
Package pdftexcmds Info: \pdfdraftmode found.
Package: pdfescape 2011/11/25 v1.13 Implements pdfTeX's escape features (HO)
Package: bigintcalc 2012/04/08 v1.3 Expandable calculations on big integers (HO
)
Package: bitset 2011/01/30 v1.1 Handle bit-vector datatype (HO)
Package: uniquecounter 2011/01/30 v1.2 Provide unlimited unique counter (HO)
)
Package hobsub Info: Skipping package `hobsub' (already loaded).
Package: letltxmacro 2010/09/02 v1.4 Let assignment for LaTeX macros (HO)
Package: hopatch 2012/05/28 v1.2 Wrapper for package hooks (HO)
Package: xcolor-patch 2011/01/30 xcolor patch
Package: atveryend 2011/06/30 v1.8 Hooks at the very end of document (HO)
Package atveryend Info: \enddocument detected (standard20110627).
Package: atbegshi 2011/10/05 v1.16 At begin shipout hook (HO)
Package: refcount 2011/10/16 v3.4 Data extraction from label references (HO)
Package: hycolor 2011/01/30 v1.7 Color options for hyperref/bookmark (HO)
)
(/usr/local/texlive/2015/texmf-dist/tex/generic/ifxetex/ifxetex.sty
Package: ifxetex 2010/09/12 v0.6 Provides ifxetex conditional
)
(/usr/local/texlive/2015/texmf-dist/tex/latex/oberdiek/auxhook.sty
Package: auxhook 2011/03/04 v1.3 Hooks for auxiliary files (HO)
)
(/usr/local/texlive/2015/texmf-dist/tex/latex/oberdiek/kvoptions.sty
Package: kvoptions 2011/06/30 v3.11 Key value format for package options (HO)
)
\@linkdim=\dimen112
\Hy@linkcounter=\count92
\Hy@pagecounter=\count93

(/usr/local/texlive/2015/texmf-dist/tex/latex/hyperref/pd1enc.def
File: pd1enc.def 2012/11/06 v6.83m Hyperref: PDFDocEncoding definition (HO)
)
\Hy@SavedSpaceFactor=\count94

(/usr/local/texlive/2015/texmf-dist/tex/latex/latexconfig/hyperref.cfg
File: hyperref.cfg 2002/06/06 v1.2 hyperref configuration of TeXLive
)
Package hyperref Info: Hyper figures OFF on input line 4443.
Package hyperref Info: Link nesting OFF on input line 4448.
Package hyperref Info: Hyper index ON on input line 4451.
Package hyperref Info: Plain pages OFF on input line 4458.
Package hyperref Info: Backreferencing OFF on input line 4463.
Package hyperref Info: Implicit mode ON; LaTeX internals redefined.
Package hyperref Info: Bookmarks ON on input line 4688.
\c@Hy@tempcnt=\count95

(/usr/local/texlive/2015/texmf-dist/tex/latex/url/url.sty
\Urlmuskip=\muskip10
Package: url 2013/09/16  ver 3.4  Verb mode for urls, etc.
)
LaTeX Info: Redefining \url on input line 5041.
\XeTeXLinkMargin=\dimen113
\Fld@menulength=\count96
\Field@Width=\dimen114
\Fld@charsize=\dimen115
Package hyperref Info: Hyper figures OFF on input line 6295.
Package hyperref Info: Link nesting OFF on input line 6300.
Package hyperref Info: Hyper index ON on input line 6303.
Package hyperref Info: backreferencing OFF on input line 6310.
Package hyperref Info: Link coloring OFF on input line 6315.
Package hyperref Info: Link coloring with OCG OFF on input line 6320.
Package hyperref Info: PDF/A mode OFF on input line 6325.
LaTeX Info: Redefining \ref on input line 6365.
LaTeX Info: Redefining \pageref on input line 6369.
\Hy@abspage=\count97
\c@Item=\count98
\c@Hfootnote=\count99
)

Package hyperref Message: Driver (autodetected): hpdftex.

(/usr/local/texlive/2015/texmf-dist/tex/latex/hyperref/hpdftex.def
File: hpdftex.def 2012/11/06 v6.83m Hyperref driver for pdfTeX
\Fld@listcount=\count100
\c@bookmark@seq@number=\count101

(/usr/local/texlive/2015/texmf-dist/tex/latex/oberdiek/rerunfilecheck.sty
Package: rerunfilecheck 2011/04/15 v1.7 Rerun checks for auxiliary files (HO)
Package uniquecounter Info: New unique counter `rerunfilecheck' on input line 2
82.
)
\Hy@SectionHShift=\skip43
)
Package hyperref Info: Option `colorlinks' set `true' on input line 25.
\FrameBox=\box28

(./proposal_measure_milky_way_draft1.aux)
\openout1 = `proposal_measure_milky_way_draft1.aux'.

LaTeX Font Info:    Checking defaults for OML/cmm/m/it on input line 70.
LaTeX Font Info:    ... okay on input line 70.
LaTeX Font Info:    Checking defaults for T1/cmr/m/n on input line 70.
LaTeX Font Info:    ... okay on input line 70.
LaTeX Font Info:    Checking defaults for OT1/cmr/m/n on input line 70.
LaTeX Font Info:    ... okay on input line 70.
LaTeX Font Info:    Checking defaults for OMS/cmsy/m/n on input line 70.
LaTeX Font Info:    ... okay on input line 70.
LaTeX Font Info:    Checking defaults for OMX/cmex/m/n on input line 70.
LaTeX Font Info:    ... okay on input line 70.
LaTeX Font Info:    Checking defaults for U/cmr/m/n on input line 70.
LaTeX Font Info:    ... okay on input line 70.
LaTeX Font Info:    Checking defaults for PD1/pdf/m/n on input line 70.
LaTeX Font Info:    ... okay on input line 70.
LaTeX Font Info:    Try loading font information for OT1+ptm on input line 70.

(/usr/local/texlive/2015/texmf-dist/tex/latex/psnfss/ot1ptm.fd
File: ot1ptm.fd 2001/06/04 font definitions for OT1/ptm.
)
(/usr/local/texlive/2015/texmf-dist/tex/context/base/supp-pdf.mkii
[Loading MPS to PDF converter (version 2006.09.02).]
\scratchcounter=\count102
\scratchdimen=\dimen116
\scratchbox=\box29
\nofMPsegments=\count103
\nofMParguments=\count104
\everyMPshowfont=\toks17
\MPscratchCnt=\count105
\MPscratchDim=\dimen117
\MPnumerator=\count106
\makeMPintoPDFobject=\count107
\everyMPtoPDFconversion=\toks18
) (/usr/local/texlive/2015/texmf-dist/tex/latex/oberdiek/epstopdf-base.sty
Package: epstopdf-base 2010/02/09 v2.5 Base part for package epstopdf

(/usr/local/texlive/2015/texmf-dist/tex/latex/oberdiek/grfext.sty
Package: grfext 2010/08/19 v1.1 Manage graphics extensions (HO)
)
Package grfext Info: Graphics extension search list:
(grfext)             [.png,.pdf,.jpg,.mps,.jpeg,.jbig2,.jb2,.PNG,.PDF,.JPG,.JPE
G,.JBIG2,.JB2,.eps]
(grfext)             \AppendGraphicsExtensions on input line 452.

(/usr/local/texlive/2015/texmf-dist/tex/latex/latexconfig/epstopdf-sys.cfg
File: epstopdf-sys.cfg 2010/07/13 v1.3 Configuration of (r)epstopdf for TeX Liv
e
))
Package caption Info: Begin \AtBeginDocument code.
Package caption Info: hyperref package is loaded.
Package caption Info: End \AtBeginDocument code.
\AtBeginShipoutBox=\box30

(/usr/local/texlive/2015/texmf-dist/tex/latex/graphics/color.sty
Package: color 2014/10/28 v1.1a Standard LaTeX Color (DPC)

(/usr/local/texlive/2015/texmf-dist/tex/latex/latexconfig/color.cfg
File: color.cfg 2007/01/18 v1.5 color configuration of teTeX/TeXLive
)
Package color Info: Driver file: pdftex.def on input line 142.
)
Package hyperref Info: Link coloring ON on input line 70.

(/usr/local/texlive/2015/texmf-dist/tex/latex/hyperref/nameref.sty
Package: nameref 2012/10/27 v2.43 Cross-referencing by name of section

(/usr/local/texlive/2015/texmf-dist/tex/generic/oberdiek/gettitlestring.sty
Package: gettitlestring 2010/12/03 v1.4 Cleanup title references (HO)
)
\c@section@level=\count108
)
LaTeX Info: Redefining \ref on input line 70.
LaTeX Info: Redefining \pageref on input line 70.
LaTeX Info: Redefining \nameref on input line 70.

(./proposal_measure_milky_way_draft1.out)
(./proposal_measure_milky_way_draft1.out)
\@outlinefile=\write3
\openout3 = `proposal_measure_milky_way_draft1.out'.

LaTeX Font Info:    Font shape `OT1/ptm/bx/n' in size <10.95> not available
(Font)              Font shape `OT1/ptm/b/n' tried instead on input line 75.
LaTeX Font Info:    Font shape `OT1/ptm/bx/n' in size <14.4> not available
(Font)              Font shape `OT1/ptm/b/n' tried instead on input line 76.
LaTeX Font Info:    External font `cmex10' loaded for size
(Font)              <14.4> on input line 76.
LaTeX Font Info:    External font `cmex10' loaded for size
(Font)              <7> on input line 76.
LaTeX Font Info:    Font shape `OT1/ptm/bx/n' in size <12> not available
(Font)              Font shape `OT1/ptm/b/n' tried instead on input line 76.
LaTeX Font Info:    External font `cmex10' loaded for size
(Font)              <12> on input line 134.
LaTeX Font Info:    External font `cmex10' loaded for size
(Font)              <8> on input line 134.
LaTeX Font Info:    External font `cmex10' loaded for size
(Font)              <6> on input line 134.
LaTeX Font Info:    External font `cmex10' loaded for size
(Font)              <10.95> on input line 134.

Overfull \hbox (2.08049pt too wide) in paragraph at lines 134--134
[]$[]$  $[]$
 []


Overfull \hbox (2.08049pt too wide) in paragraph at lines 134--134
[]$  $[]$ 
 []


Overfull \hbox (12.27496pt too wide) in paragraph at lines 105--135
[] 
 []


Underfull \hbox (badness 10000) in paragraph at lines 136--137

 []


Underfull \hbox (badness 10000) in paragraph at lines 136--137

 []


Overfull \hbox (12.27496pt too wide) in paragraph at lines 138--147
[] 
 []


Underfull \hbox (badness 10000) in paragraph at lines 148--149

 []


Underfull \hbox (badness 10000) in paragraph at lines 148--149

 []


Overfull \hbox (11.8561pt too wide) in paragraph at lines 150--156
[] 
 []


Underfull \hbox (badness 10000) in paragraph at lines 157--158

 []

[1

{/usr/local/texlive/2015/texmf-var/fonts/map/pdftex/updmap/pdftex.map}]

LaTeX Warning: No positions in optional float specifier.
               Default added (so using `tbp') on input line 249.

<figures/PL_relation.png, id=52, 377.41pt x 431.6125pt>
File: figures/PL_relation.png Graphic file (type png)

<use figures/PL_relation.png>
Package pdftex.def Info: figures/PL_relation.png used on input line 251.
(pdftex.def)             Requested size: 216.81pt x 247.94475pt.

<figures/Ngeow1_fig.png, id=56, 424.58624pt x 354.32375pt>
File: figures/Ngeow1_fig.png Graphic file (type png)

<use figures/Ngeow1_fig.png>
Package pdftex.def Info: figures/Ngeow1_fig.png used on input line 289.
(pdftex.def)             Requested size: 227.64894pt x 189.97493pt.

<figures/var_star_HR.png, id=57, 794.97pt x 614.295pt>
File: figures/var_star_HR.png Graphic file (type png)

<use figures/var_star_HR.png>
Package pdftex.def Info: figures/var_star_HR.png used on input line 295.
(pdftex.def)             Requested size: 227.64894pt x 175.91011pt.
 [2

]
<figures/Gas.png, id=67, 653.44125pt x 559.08875pt>
File: figures/Gas.png Graphic file (type png)
 <use figures/Gas.png>
Package pdftex.def Info: figures/Gas.png used on input line 328.
(pdftex.def)             Requested size: 216.81pt x 185.49797pt.
LaTeX Font Info:    External font `cmex10' loaded for size
(Font)              <5> on input line 329.

[3 <./figures/PL_relation.png> <./figures/Ngeow1_fig.png> <./figures/var_star_H
R.png>] [4 <./figures/Gas.png>]
Missing character: There is no Ì in font ptmr7t!
Missing character: There is no ˆ in font ptmr7t!

Underfull \hbox (badness 10000) in paragraph at lines 339--341

 []

LaTeX Font Info:    Try loading font information for OT1+pcr on input line 343.

(/usr/local/texlive/2015/texmf-dist/tex/latex/psnfss/ot1pcr.fd
File: ot1pcr.fd 2001/06/04 font definitions for OT1/pcr.
)
Underfull \hbox (badness 10000) in paragraph at lines 342--344

 []


Overfull \hbox (39.4681pt too wide) in paragraph at lines 345--347
\OT1/ptm/m/n/10 B. et al., 2012. Types of Vari-ables | AAVSO. Re-trieved Febru-
ary 16, 2016, from [][]$\OT1/pcr/m/n/10 https : / / www . aavso . org / types-[
]variables$[][] 
 []


Underfull \hbox (badness 10000) in paragraph at lines 345--347

 []

Missing character: There is no â in font ptmri7t!
Missing character: There is no € in font ptmri7t!
Missing character: There is no “ in font ptmri7t!

Underfull \hbox (badness 10000) in paragraph at lines 348--350

 []


Underfull \hbox (badness 10000) in paragraph at lines 351--353

 []


Underfull \hbox (badness 10000) in paragraph at lines 356--358

 []


Underfull \hbox (badness 10000) in paragraph at lines 359--361

 []


Underfull \hbox (badness 10000) in paragraph at lines 362--364

 []


Underfull \hbox (badness 10000) in paragraph at lines 365--367

 []


Underfull \hbox (badness 10000) in paragraph at lines 368--370

 []

Missing character: There is no Ã in font ptmr7t!
Missing character: There is no ¡ in font ptmr7t!

Underfull \hbox (badness 10000) in paragraph at lines 371--374

 []

Missing character: There is no â in font ptmr7t!
Missing character: There is no € in font ptmr7t!
Missing character: There is no “ in font ptmr7t!

Underfull \hbox (badness 10000) in paragraph at lines 375--377

 []

Missing character: There is no â in font ptmr7t!
Missing character: There is no € in font ptmr7t!
Missing character: There is no “ in font ptmr7t!

Underfull \hbox (badness 10000) in paragraph at lines 378--380

 []

[5

]
Missing character: There is no Ã in font ptmr7t!
Missing character: There is no ¡ in font ptmr7t!
 <figures/EPICID.png, id=99, 590.4459pt x 445.9059pt>
File: figures/EPICID.png Graphic file (type png)

<use figures/EPICID.png>
Package pdftex.def Info: figures/EPICID.png used on input line 398.
(pdftex.def)             Requested size: 227.64894pt x 171.92264pt.

<figures/1510Actual.png, id=100, 590.4459pt x 445.9059pt>
File: figures/1510Actual.png Graphic file (type png)

<use figures/1510Actual.png>
Package pdftex.def Info: figures/1510Actual.png used on input line 404.
(pdftex.def)             Requested size: 227.64894pt x 171.92264pt.

<figures/1010Actual.png, id=101, 590.4459pt x 445.9059pt>
File: figures/1010Actual.png Graphic file (type png)

<use figures/1010Actual.png>
Package pdftex.def Info: figures/1010Actual.png used on input line 410.
(pdftex.def)             Requested size: 227.64894pt x 171.92264pt.

<figures/1505Actual.png, id=102, 590.4459pt x 445.9059pt>
File: figures/1505Actual.png Graphic file (type png)

<use figures/1505Actual.png>
Package pdftex.def Info: figures/1505Actual.png used on input line 416.
(pdftex.def)             Requested size: 227.64894pt x 171.92264pt.
LaTeX Font Info:    Try loading font information for OMS+ptm on input line 443.


(/usr/local/texlive/2015/texmf-dist/tex/latex/psnfss/omsptm.fd
File: omsptm.fd 
)
LaTeX Font Info:    Font shape `OMS/ptm/m/n' in size <10.95> not available
(Font)              Font shape `OMS/cmsy/m/n' tried instead on input line 443.
 [6

 <./figures/EPICID.png> <./figures/1510Actual.png> <./figures/1010Actual.png> <
./figures/1505Actual.png>]
Package atveryend Info: Empty hook `BeforeClearDocument' on input line 462.
 [7]
Package atveryend Info: Empty hook `AfterLastShipout' on input line 462.
 (./proposal_measure_milky_way_draft1.aux)
Package atveryend Info: Executing hook `AtVeryEndDocument' on input line 462.
Package atveryend Info: Executing hook `AtEndAfterFileList' on input line 462.
Package rerunfilecheck Info: File `proposal_measure_milky_way_draft1.out' has n
ot changed.
(rerunfilecheck)             Checksum: 0EE8216B289C2796D008DD1209B437BE;488.
Package atveryend Info: Empty hook `AtVeryVeryEnd' on input line 462.
 ) 
Here is how much of TeX's memory you used:
 6422 strings out of 493089
 100133 string characters out of 6134842
 188729 words of memory out of 5000000
 9818 multiletter control sequences out of 15000+600000
 21150 words of font info for 47 fonts, out of 8000000 for 9000
 1141 hyphenation exceptions out of 8191
 42i,9n,40p,1046b,473s stack positions out of 5000i,500n,10000p,200000b,80000s
{/usr/local/texlive/2015/texmf-dist/fonts/enc/dvips/base/8r.enc}</usr/local/t
exlive/2015/texmf-dist/fonts/type1/public/amsfonts/cm/cmmi10.pfb></usr/local/te
xlive/2015/texmf-dist/fonts/type1/public/amsfonts/cm/cmmi6.pfb></usr/local/texl
ive/2015/texmf-dist/fonts/type1/public/amsfonts/cm/cmmi8.pfb></usr/local/texliv
e/2015/texmf-dist/fonts/type1/public/amsfonts/cm/cmr10.pfb></usr/local/texlive/
2015/texmf-dist/fonts/type1/public/amsfonts/cm/cmr6.pfb></usr/local/texlive/201
5/texmf-dist/fonts/type1/public/amsfonts/cm/cmr7.pfb></usr/local/texlive/2015/t
exmf-dist/fonts/type1/public/amsfonts/cm/cmr8.pfb></usr/local/texlive/2015/texm
f-dist/fonts/type1/public/amsfonts/cm/cmsy10.pfb></usr/local/texlive/2015/texmf
-dist/fonts/type1/public/amsfonts/cm/cmsy8.pfb></usr/local/texlive/2015/texmf-d
ist/fonts/type1/urw/courier/ucrr8a.pfb></usr/local/texlive/2015/texmf-dist/font
s/type1/urw/times/utmb8a.pfb></usr/local/texlive/2015/texmf-dist/fonts/type1/ur
w/times/utmr8a.pfb></usr/local/texlive/2015/texmf-dist/fonts/type1/urw/times/ut
mri8a.pfb>
Output written on proposal_measure_milky_way_draft1.pdf (7 pages, 851431 bytes)
.
PDF statistics:
 171 PDF objects out of 1000 (max. 8388607)
 131 compressed objects within 2 object streams
 29 named destinations out of 1000 (max. 500000)
 97 words of extra memory for PDF output out of 10000 (max. 10000000)

