This is pdfTeX, Version 3.14159265-2.6-1.40.16 (TeX Live 2015) (preloaded format=pdflatex 2015.5.24)  10 MAY 2016 03:16
entering extended mode
 restricted \write18 enabled.
 %&-line parsing enabled.
**RRLyrae_final3.tex
(./RRLyrae_final3.tex
LaTeX2e <2015/01/01>
Babel <3.9l> and hyphenation patterns for 79 languages loaded.
(/usr/local/texlive/2015/texmf-dist/tex/latex/revtex/revtex4-1.cls
Document Class: revtex4-1 2010/07/25/20:33:00 4.1r (http://publish.aps.org/revt
ex4/ for documentation)
 Copyright (c) 2009 The American Physical Society.
 mailto:revtex@aps.org
 Licensed under the LPPL:
http://www.ctan.org/tex-archive/macros/latex/base/lppl.txt
 Arthur Ogawa <arthur_ogawa at sbcglobal dot net>
 Based on work by David Carlisle <david at dcarlisle.demon.co.uk>.
ltxutil[2010/07/25/20:33:00 4.1r utilities package (portions licensed from W. E
. Baxter web at superscript.com)]
LaTeX Info: Redefining \@centercr on input line 308.
Class revtex4-1 Info: Repairing broken LaTeX eqnarray on input line 358.
\eqncolsep=\skip41
Class revtex4-1 Info: Repairing hyperref-unfriendly LaTeX definition of \mpfoot
note on input line 433.
Class revtex4-1 Info: Repairing broken LateX \@sect on input line 755.
\intertabularlinepenalty=\count79
\@tbpen=\count80
\@arstrutbox@hline=\box26
Class revtex4-1 Info: Repairing broken LaTeX \@xbitor on input line 1786.
Class revtex4-1 Info: Making \typeout \long on input line 2046.
ltxfront[2010/07/25/20:33:00 4.1r frontmatter package (AO,DPC)]
\c@affil=\count81
\c@collab=\count82
\absbox=\box27
ltxgrid[2010/07/25/20:33:00 4.1r page grid package (portions licensed from W. E
. Baxter web at superscript.com)]
\c@linecount=\count83
\output@latex=\toks14
\box@size@1=\box28
\box@size@2=\box29
\@protection@box=\box30
\@topmark@saved=\toks15
\footins@saved=\box31
\footins@recovered=\box32
\column@recovered=\box33
\pagesofar=\box34
\footsofar=\box35
\pagegrid@col=\count84
Class revtex4-1 Info: Overriding \@vspace, \@vspacer, \@no@pgbk, \@newline, and
 \\  on input line 5578.
\c@part=\count85
\c@section=\count86
\c@subsection=\count87
\c@subsubsection=\count88
\c@paragraph=\count89
\c@subparagraph=\count90
\abovecaptionskip=\skip42
\belowcaptionskip=\skip43
\c@figure=\count91
\fbox@1=\box36
\c@table=\count92
\fbox@2=\box37
\c@video=\count93
\fbox@4=\box38
\@bibdataout=\write3
\widetext@top=\box39
\widetext@bot=\box40
Class revtex4-1 Info: Selecting society aps on input line 7542.
(/usr/local/texlive/2015/texmf-dist/tex/latex/revtex/aps4-1.rtx
File: aps4-1 2010/07/25/20:33:00 4.1r (http://publish.aps.org/revtex4/ for docu
mentation)
Class revtex4-1 Info: RevTeX society APS selected on input line 31.
)
Class revtex4-1 Info: Selecting journal prb on input line 7544.
Class revtex4-1 Info: APS journal PRB selected on input line 7545.


Class revtex4-1 Warning: No type size specified, using default 10.

(/usr/local/texlive/2015/texmf-dist/tex/latex/revtex/aps10pt4-1.rtx
File: aps10pt4-1 2010/07/25/20:33:00 4.1r (http://publish.aps.org/revtex4/ for 
documentation)
Class revtex4-1 Info: RevTeX pointsize 10pt selected on input line 30.
)
(/usr/local/texlive/2015/texmf-dist/tex/latex/textcase/textcase.sty
Package: textcase 2004/10/07 v0.07 Text only upper/lower case changing (DPC)
)
(/usr/local/texlive/2015/texmf-dist/tex/latex/url/url.sty
\Urlmuskip=\muskip10
Package: url 2013/09/16  ver 3.4  Verb mode for urls, etc.
)
(/usr/local/texlive/2015/texmf-dist/tex/latex/natbib/natbib.sty
Package: natbib 2010/09/13 8.31b (PWD, AO)
\bibhang=\skip44
\bibsep=\skip45
LaTeX Info: Redefining \cite on input line 694.
\c@NAT@ctr=\count94
)
Class revtex4-1 Info: Repairing natbib's \BibitemShut on input line 7549.

(/usr/local/texlive/2015/texmf-dist/tex/latex/revtex/revsymb4-1.sty
Package: revsymb4-1 2010/07/25/20:33:00 4.1r (http://publish.aps.org/revtex4/ f
or documentation)
LaTeX Info: Redefining \REV@mathfrak on input line 119.
))
(/usr/local/texlive/2015/texmf-dist/tex/latex/graphics/graphicx.sty
Package: graphicx 2014/10/28 v1.0g Enhanced LaTeX Graphics (DPC,SPQR)

(/usr/local/texlive/2015/texmf-dist/tex/latex/graphics/keyval.sty
Package: keyval 2014/10/28 v1.15 key=value parser (DPC)
\KV@toks@=\toks16
)
(/usr/local/texlive/2015/texmf-dist/tex/latex/graphics/graphics.sty
Package: graphics 2014/10/28 v1.0p Standard LaTeX Graphics (DPC,SPQR)

(/usr/local/texlive/2015/texmf-dist/tex/latex/graphics/trig.sty
Package: trig 1999/03/16 v1.09 sin cos tan (DPC)
)
(/usr/local/texlive/2015/texmf-dist/tex/latex/latexconfig/graphics.cfg
File: graphics.cfg 2010/04/23 v1.9 graphics configuration of TeX Live
)
Package graphics Info: Driver file: pdftex.def on input line 94.

(/usr/local/texlive/2015/texmf-dist/tex/latex/pdftex-def/pdftex.def
File: pdftex.def 2011/05/27 v0.06d Graphics/color for pdfTeX

(/usr/local/texlive/2015/texmf-dist/tex/generic/oberdiek/infwarerr.sty
Package: infwarerr 2010/04/08 v1.3 Providing info/warning/error messages (HO)
)
(/usr/local/texlive/2015/texmf-dist/tex/generic/oberdiek/ltxcmds.sty
Package: ltxcmds 2011/11/09 v1.22 LaTeX kernel commands for general use (HO)
)
\Gread@gobject=\count95
))
\Gin@req@height=\dimen102
\Gin@req@width=\dimen103
)
(/usr/local/texlive/2015/texmf-dist/tex/latex/amsfonts/amssymb.sty
Package: amssymb 2013/01/14 v3.01 AMS font symbols

(/usr/local/texlive/2015/texmf-dist/tex/latex/amsfonts/amsfonts.sty
Package: amsfonts 2013/01/14 v3.01 Basic AMSFonts support
\@emptytoks=\toks17
\symAMSa=\mathgroup4
\symAMSb=\mathgroup5
LaTeX Font Info:    Overwriting math alphabet `\mathfrak' in version `bold'
(Font)                  U/euf/m/n --> U/euf/b/n on input line 106.
LaTeX Info: Redefining \frak on input line 111.
LaTeX Info: Redefining \Bbb on input line 113.
))
(/usr/local/texlive/2015/texmf-dist/tex/latex/tools/verbatim.sty
Package: verbatim 2014/10/28 v1.5q LaTeX2e package for verbatim enhancements
\every@verbatim=\toks18
\verbatim@line=\toks19
\verbatim@in@stream=\read1
)
(/usr/local/texlive/2015/texmf-dist/tex/latex/graphics/color.sty
Package: color 2014/10/28 v1.1a Standard LaTeX Color (DPC)

(/usr/local/texlive/2015/texmf-dist/tex/latex/latexconfig/color.cfg
File: color.cfg 2007/01/18 v1.5 color configuration of teTeX/TeXLive
)
Package color Info: Driver file: pdftex.def on input line 142.
)
(/usr/local/texlive/2015/texmf-dist/tex/latex/caption/subcaption.sty
Package: subcaption 2013/02/03 v1.1-62 Sub-captions (AR)

(/usr/local/texlive/2015/texmf-dist/tex/latex/caption/caption.sty
Package: caption 2013/05/02 v3.3-89 Customizing captions (AR)

(/usr/local/texlive/2015/texmf-dist/tex/latex/caption/caption3.sty
Package: caption3 2013/05/02 v1.6-88 caption3 kernel (AR)
Package caption3 Info: TeX engine: e-TeX on input line 57.
\captionmargin=\dimen104
\captionmargin@=\dimen105
\captionwidth=\dimen106
\caption@tempdima=\dimen107
\caption@indent=\dimen108
\caption@parindent=\dimen109
\caption@hangindent=\dimen110
Package caption Info: Unknown document class (or package),
(caption)             standard defaults will be used.
)

Package caption Warning: Unsupported document class (or package) detected,
(caption)                usage of the caption package is not recommended.
See the caption package documentation for explanation.

Package caption Info: \@makecaption = \long macro:#1#2->\par \vskip \abovecapti
onskip \begingroup \small \rmfamily \sbox \@tempboxa {\let \\\heading@cr \@make
@capt@title {#1}{#2}}\@ifdim {\wd \@tempboxa >\hsize }{\begingroup \samepage \f
lushing \let \footnote \@footnotemark@gobble \@make@capt@title {#1}{#2}\par \en
dgroup }{\global \@minipagefalse \hb@xt@ \hsize {\hfil \unhbox \@tempboxa \hfil
 }}\endgroup \vskip \belowcaptionskip .
\c@ContinuedFloat=\count96
)
\c@subfigure=\count97
\c@subtable=\count98
) (/usr/local/texlive/2015/texmf-dist/tex/latex/float/float.sty
Package: float 2001/11/08 v1.3d Float enhancements (AL)
\c@float@type=\count99
\float@exts=\toks20
\float@box=\box41
\@float@everytoks=\toks21
\@floatcapt=\box42
)
(/usr/local/texlive/2015/texmf-dist/tex/latex/cleveref/cleveref.sty
Package: cleveref 2013/12/28 v0.19 Intelligent cross-referencing
)
Class revtex4-1 Info: Patching LaTeX tabular. on input line 50.


Class revtex4-1 Warning: Repair the float package.

Class revtex4-1 Info: Robustifying \LaTeX's \boldmath command on input line 50.

Class revtex4-1 Info: cite was not loaded (OK!) on input line 50.
Class revtex4-1 Info: mcite was not loaded (OK!) on input line 50.
Class revtex4-1 Info: multicol was not loaded (OK!) on input line 50.
(./RRLyrae_final3.aux

LaTeX Warning: Label `fig:Tc' multiply defined.


LaTeX Warning: Label `fig:Tc@cref' multiply defined.


LaTeX Warning: Label `sub@fig:Tc' multiply defined.


LaTeX Warning: Label `sub@fig:Tc@cref' multiply defined.


LaTeX Warning: Label `fig:Tc' multiply defined.


LaTeX Warning: Label `fig:Tc@cref' multiply defined.


LaTeX Warning: Label `sub@fig:Tc' multiply defined.


LaTeX Warning: Label `sub@fig:Tc@cref' multiply defined.

)
\openout1 = `RRLyrae_final3.aux'.

LaTeX Font Info:    Checking defaults for OML/cmm/m/it on input line 50.
LaTeX Font Info:    ... okay on input line 50.
LaTeX Font Info:    Checking defaults for T1/cmr/m/n on input line 50.
LaTeX Font Info:    ... okay on input line 50.
LaTeX Font Info:    Checking defaults for OT1/cmr/m/n on input line 50.
LaTeX Font Info:    ... okay on input line 50.
LaTeX Font Info:    Checking defaults for OMS/cmsy/m/n on input line 50.
LaTeX Font Info:    ... okay on input line 50.
LaTeX Font Info:    Checking defaults for OMX/cmex/m/n on input line 50.
LaTeX Font Info:    ... okay on input line 50.
LaTeX Font Info:    Checking defaults for U/cmr/m/n on input line 50.
LaTeX Font Info:    ... okay on input line 50.
 (/usr/local/texlive/2015/texmf-dist/tex/context/base/supp-pdf.mkii
[Loading MPS to PDF converter (version 2006.09.02).]
\scratchcounter=\count100
\scratchdimen=\dimen111
\scratchbox=\box43
\nofMPsegments=\count101
\nofMParguments=\count102
\everyMPshowfont=\toks22
\MPscratchCnt=\count103
\MPscratchDim=\dimen112
\MPnumerator=\count104
\makeMPintoPDFobject=\count105
\everyMPtoPDFconversion=\toks23
) (/usr/local/texlive/2015/texmf-dist/tex/generic/oberdiek/pdftexcmds.sty
Package: pdftexcmds 2011/11/29 v0.20 Utility functions of pdfTeX for LuaTeX (HO
)

(/usr/local/texlive/2015/texmf-dist/tex/generic/oberdiek/ifluatex.sty
Package: ifluatex 2010/03/01 v1.3 Provides the ifluatex switch (HO)
Package ifluatex Info: LuaTeX not detected.
)
(/usr/local/texlive/2015/texmf-dist/tex/generic/oberdiek/ifpdf.sty
Package: ifpdf 2011/01/30 v2.3 Provides the ifpdf switch (HO)
Package ifpdf Info: pdfTeX in PDF mode is detected.
)
Package pdftexcmds Info: LuaTeX not detected.
Package pdftexcmds Info: \pdf@primitive is available.
Package pdftexcmds Info: \pdf@ifprimitive is available.
Package pdftexcmds Info: \pdfdraftmode found.
)
(/usr/local/texlive/2015/texmf-dist/tex/latex/oberdiek/epstopdf-base.sty
Package: epstopdf-base 2010/02/09 v2.5 Base part for package epstopdf

(/usr/local/texlive/2015/texmf-dist/tex/latex/oberdiek/grfext.sty
Package: grfext 2010/08/19 v1.1 Manage graphics extensions (HO)

(/usr/local/texlive/2015/texmf-dist/tex/generic/oberdiek/kvdefinekeys.sty
Package: kvdefinekeys 2011/04/07 v1.3 Define keys (HO)
))
(/usr/local/texlive/2015/texmf-dist/tex/latex/oberdiek/kvoptions.sty
Package: kvoptions 2011/06/30 v3.11 Key value format for package options (HO)

(/usr/local/texlive/2015/texmf-dist/tex/generic/oberdiek/kvsetkeys.sty
Package: kvsetkeys 2012/04/25 v1.16 Key value parser (HO)

(/usr/local/texlive/2015/texmf-dist/tex/generic/oberdiek/etexcmds.sty
Package: etexcmds 2011/02/16 v1.5 Avoid name clashes with e-TeX commands (HO)
Package etexcmds Info: Could not find \expanded.
(etexcmds)             That can mean that you are not using pdfTeX 1.50 or
(etexcmds)             that some package has redefined \expanded.
(etexcmds)             In the latter case, load this package earlier.
)))
Package grfext Info: Graphics extension search list:
(grfext)             [.png,.pdf,.jpg,.mps,.jpeg,.jbig2,.jb2,.PNG,.PDF,.JPG,.JPE
G,.JBIG2,.JB2,.eps]
(grfext)             \AppendGraphicsExtensions on input line 452.

(/usr/local/texlive/2015/texmf-dist/tex/latex/latexconfig/epstopdf-sys.cfg
File: epstopdf-sys.cfg 2010/07/13 v1.3 Configuration of (r)epstopdf for TeX Liv
e
))
Package caption Info: Begin \AtBeginDocument code.
Package caption Info: float package is loaded.
Package caption Info: End \AtBeginDocument code.
\openout3 = `RRLyrae_final3Notes.bib'.

LaTeX Font Info:    Try loading font information for U+msa on input line 76.

(/usr/local/texlive/2015/texmf-dist/tex/latex/amsfonts/umsa.fd
File: umsa.fd 2013/01/14 v3.01 AMS symbols A
)
LaTeX Font Info:    Try loading font information for U+msb on input line 76.

(/usr/local/texlive/2015/texmf-dist/tex/latex/amsfonts/umsb.fd
File: umsb.fd 2013/01/14 v3.01 AMS symbols B
)
LaTeX Font Info:    Try loading font information for OMS+cmr on input line 115.


(/usr/local/texlive/2015/texmf-dist/tex/latex/base/omscmr.fd
File: omscmr.fd 2014/09/29 v2.5h Standard LaTeX font definitions
)
LaTeX Font Info:    Font shape `OMS/cmr/m/n' in size <10> not available
(Font)              Font shape `OMS/cmsy/m/n' tried instead on input line 115.

Underfull \hbox (badness 1337) in paragraph at lines 108--116
\OT1/cmr/m/n/10 In or-der to re-duce alias-ing, ex-tra ob-ser-va-tions
 []


Underfull \hbox (badness 3039) in paragraph at lines 191--193
[]\OT1/cmr/m/n/10 Using the Pathfinder tele-scope, ob-ser-va-tions
 []


Underfull \hbox (badness 5446) in paragraph at lines 191--193
\OT1/cmr/m/n/10 were made at two galac-tic lat-i-tudes ($\OML/cmm/m/it/10 b \OT
1/cmr/m/n/10 =
 []

[1{/usr/local/texlive/2015/texmf-var/fonts/map/pdftex/updmap/pdftex.map}]
<figures/grpvar.png, id=19, 803.0pt x 602.25pt>
File: figures/grpvar.png Graphic file (type png)
 <use figures/grpvar.png>
Package pdftex.def Info: figures/grpvar.png used on input line 232.
(pdftex.def)             Requested size: 231.26378pt x 173.44418pt.

Overfull \hbox (5.38629pt too wide) in paragraph at lines 232--233
 [][] 
 []

<figures/LC/star7_97_98_0_1.png, id=20, 578.16pt x 433.62pt>
File: figures/LC/star7_97_98_0_1.png Graphic file (type png)

<use figures/LC/star7_97_98_0_1.png>
Package pdftex.def Info: figures/LC/star7_97_98_0_1.png used on input line 293.

(pdftex.def)             Requested size: 234.87749pt x 176.15768pt.

<figures/LC/star7_97_98_0_1_restricted.png, id=22, 578.16pt x 433.62pt>
File: figures/LC/star7_97_98_0_1_restricted.png Graphic file (type png)

<use figures/LC/star7_97_98_0_1_restricted.png>
Package pdftex.def Info: figures/LC/star7_97_98_0_1_restricted.png used on inpu
t line 299.
(pdftex.def)             Requested size: 234.87749pt x 176.15768pt.

<figures/RlogPr.png, id=23, 590.4459pt x 445.9059pt>
File: figures/RlogPr.png Graphic file (type png)
 <use figures/RlogPr.png>
Package pdftex.def Info: figures/RlogPr.png used on input line 340.
(pdftex.def)             Requested size: 238.49121pt x 180.10782pt.

Overfull \hbox (12.61372pt too wide) in paragraph at lines 340--341
 [][] 
 []

[2 <./figures/grpvar.png>] [3 <./figures/LC/star7_97_98_0_1.png> <./figures/LC/
star7_97_98_0_1_restricted.png> <./figures/RlogPr.png>]
<figures/FSP1_g_LC_rrrtest_p5_grp19.png, id=38, 578.16pt x 433.62pt>
File: figures/FSP1_g_LC_rrrtest_p5_grp19.png Graphic file (type png)

<use figures/FSP1_g_LC_rrrtest_p5_grp19.png>
Package pdftex.def Info: figures/FSP1_g_LC_rrrtest_p5_grp19.png used on input l
ine 389.
(pdftex.def)             Requested size: 242.10493pt x 181.5766pt.

Overfull \hbox (7.22745pt too wide) in paragraph at lines 389--390
 [][] 
 []

<figures/FSP1_g_LC_rrrtest_p5_grp7.png, id=39, 578.16pt x 433.62pt>
File: figures/FSP1_g_LC_rrrtest_p5_grp7.png Graphic file (type png)

<use figures/FSP1_g_LC_rrrtest_p5_grp7.png>
Package pdftex.def Info: figures/FSP1_g_LC_rrrtest_p5_grp7.png used on input li
ne 395.
(pdftex.def)             Requested size: 242.10493pt x 181.5766pt.

Overfull \hbox (7.22745pt too wide) in paragraph at lines 395--396
 [][] 
 []

<figures/rPLCneg45E_limit2_grp_109+01_09693.png, id=40, 578.16pt x 433.62pt>
File: figures/rPLCneg45E_limit2_grp_109+01_09693.png Graphic file (type png)

<use figures/rPLCneg45E_limit2_grp_109+01_09693.png>
Package pdftex.def Info: figures/rPLCneg45E_limit2_grp_109+01_09693.png used on
 input line 402.
(pdftex.def)             Requested size: 242.10493pt x 181.5766pt.

Overfull \hbox (7.22745pt too wide) in paragraph at lines 402--403
 [][] 
 []

<figures/rPLCneg45E_limit2_grp_116-11_03117.png, id=41, 578.16pt x 433.62pt>
File: figures/rPLCneg45E_limit2_grp_116-11_03117.png Graphic file (type png)

<use figures/rPLCneg45E_limit2_grp_116-11_03117.png>
Package pdftex.def Info: figures/rPLCneg45E_limit2_grp_116-11_03117.png used on
 input line 408.
(pdftex.def)             Requested size: 242.10493pt x 181.5766pt.

Overfull \hbox (7.22745pt too wide) in paragraph at lines 408--409
 [][] 
 []

<figures/PlotsSpace15/gdhist_limit15.png, id=42, 578.16pt x 433.62pt>
File: figures/PlotsSpace15/gdhist_limit15.png Graphic file (type png)

<use figures/PlotsSpace15/gdhist_limit15.png>
Package pdftex.def Info: figures/PlotsSpace15/gdhist_limit15.png used on input 
line 490.
(pdftex.def)             Requested size: 238.49121pt x 178.86383pt.

Overfull \hbox (12.61372pt too wide) in paragraph at lines 490--491
 [][] 
 []

[4] <figures/simbadoverlap.png, id=47, 803.0pt x 985.6825pt>
File: figures/simbadoverlap.png Graphic file (type png)

<use figures/simbadoverlap.png>
Package pdftex.def Info: figures/simbadoverlap.png used on input line 499.
(pdftex.def)             Requested size: 169.83493pt x 208.47337pt.
 [5 <./figures/FSP1_g_LC_rrrtest_p5_grp19.png> <./figures/FSP1_g_LC_rrrtest_p5_
grp7.png> <./figures/rPLCneg45E_limit2_grp_109+01_09693.png> <./figures/rPLCneg
45E_limit2_grp_116-11_03117.png> <./figures/PlotsSpace15/gdhist_limit15.png> <.
/figures/simbadoverlap.png>]
<figures/PlotsSpace15/dist_b_lp_limit15.png, id=57, 578.16pt x 433.62pt>
File: figures/PlotsSpace15/dist_b_lp_limit15.png Graphic file (type png)

<use figures/PlotsSpace15/dist_b_lp_limit15.png>
Package pdftex.def Info: figures/PlotsSpace15/dist_b_lp_limit15.png used on inp
ut line 520.
(pdftex.def)             Requested size: 242.10493pt x 181.5766pt.

Overfull \hbox (7.22745pt too wide) in paragraph at lines 520--521
 [][] 
 []

<figures/PlotsSpace15/dist_EBV_lp_limit15.png, id=58, 578.16pt x 433.62pt>
File: figures/PlotsSpace15/dist_EBV_lp_limit15.png Graphic file (type png)

<use figures/PlotsSpace15/dist_EBV_lp_limit15.png>
Package pdftex.def Info: figures/PlotsSpace15/dist_EBV_lp_limit15.png used on i
nput line 526.
(pdftex.def)             Requested size: 242.10493pt x 181.5766pt.

Overfull \hbox (7.22745pt too wide) in paragraph at lines 526--527
 [][] 
 []

<figures/PlotsSpace15/dist_b_ln_limit15.png, id=59, 578.16pt x 433.62pt>
File: figures/PlotsSpace15/dist_b_ln_limit15.png Graphic file (type png)

<use figures/PlotsSpace15/dist_b_ln_limit15.png>
Package pdftex.def Info: figures/PlotsSpace15/dist_b_ln_limit15.png used on inp
ut line 533.
(pdftex.def)             Requested size: 242.10493pt x 181.5766pt.

Overfull \hbox (7.22745pt too wide) in paragraph at lines 533--534
 [][] 
 []

<figures/PlotsSpace15/dist_EBV_ln_limit15.png, id=60, 578.16pt x 433.62pt>
File: figures/PlotsSpace15/dist_EBV_ln_limit15.png Graphic file (type png)

<use figures/PlotsSpace15/dist_EBV_ln_limit15.png>
Package pdftex.def Info: figures/PlotsSpace15/dist_EBV_ln_limit15.png used on i
nput line 539.
(pdftex.def)             Requested size: 242.10493pt x 181.5766pt.

Overfull \hbox (7.22745pt too wide) in paragraph at lines 539--540
 [][] 
 []

<figures/PlotsSpace15/lphist_limit15.png, id=61, 578.16pt x 433.62pt>
File: figures/PlotsSpace15/lphist_limit15.png Graphic file (type png)

<use figures/PlotsSpace15/lphist_limit15.png>
Package pdftex.def Info: figures/PlotsSpace15/lphist_limit15.png used on input 
line 553.
(pdftex.def)             Requested size: 242.10493pt x 181.5766pt.

Overfull \hbox (7.22745pt too wide) in paragraph at lines 553--554
 [][] 
 []

<figures/PlotsSpace15/lnhist_limit15.png, id=62, 578.16pt x 433.62pt>
File: figures/PlotsSpace15/lnhist_limit15.png Graphic file (type png)

<use figures/PlotsSpace15/lnhist_limit15.png>
Package pdftex.def Info: figures/PlotsSpace15/lnhist_limit15.png used on input 
line 559.
(pdftex.def)             Requested size: 242.10493pt x 181.5766pt.

Overfull \hbox (7.22745pt too wide) in paragraph at lines 559--560
 [][] 
 []

<figures/PlotsSpace15/bphist_limit15.png, id=63, 578.16pt x 433.62pt>
File: figures/PlotsSpace15/bphist_limit15.png Graphic file (type png)

<use figures/PlotsSpace15/bphist_limit15.png>
Package pdftex.def Info: figures/PlotsSpace15/bphist_limit15.png used on input 
line 566.
(pdftex.def)             Requested size: 242.10493pt x 181.5766pt.

Overfull \hbox (7.22745pt too wide) in paragraph at lines 566--567
 [][] 
 []

<figures/PlotsSpace15/bnhist_limit15.png, id=64, 578.16pt x 433.62pt>
File: figures/PlotsSpace15/bnhist_limit15.png Graphic file (type png)

<use figures/PlotsSpace15/bnhist_limit15.png>
Package pdftex.def Info: figures/PlotsSpace15/bnhist_limit15.png used on input 
line 572.
(pdftex.def)             Requested size: 242.10493pt x 181.5766pt.

Overfull \hbox (7.22745pt too wide) in paragraph at lines 572--573
 [][] 
 []


Underfull \hbox (badness 1983) in paragraph at lines 695--702
\OT1/cmr/m/n/10 as not be-gin RR Lyrae should have as-signed
 []

[6] [7 <./figures/PlotsSpace15/dist_b_lp_limit15.png> <./figures/PlotsSpace15/d
ist_EBV_lp_limit15.png> <./figures/PlotsSpace15/dist_b_ln_limit15.png> <./figur
es/PlotsSpace15/dist_EBV_ln_limit15.png>]

LaTeX Warning: A float is stuck (cannot be placed); try class option [floatfix]
 on input line 702.

<figures/NEW/probrr_vs_HPS.png, id=76, 590.4459pt x 445.9059pt>
File: figures/NEW/probrr_vs_HPS.png Graphic file (type png)

<use figures/NEW/probrr_vs_HPS.png>
Package pdftex.def Info: figures/NEW/probrr_vs_HPS.png used on input line 715.
(pdftex.def)             Requested size: 234.87749pt x 177.37943pt.

<figures/NEW/probnotrr_vs_HPS.png, id=77, 590.4459pt x 445.9059pt>
File: figures/NEW/probnotrr_vs_HPS.png Graphic file (type png)

<use figures/NEW/probnotrr_vs_HPS.png>
Package pdftex.def Info: figures/NEW/probnotrr_vs_HPS.png used on input line 72
1.
(pdftex.def)             Requested size: 234.87749pt x 177.37943pt.
 [8 <./figures/PlotsSpace15/lphist_limit15.png> <./figures/PlotsSpace15/lnhist_
limit15.png> <./figures/PlotsSpace15/bphist_limit15.png> <./figures/PlotsSpace1
5/bnhist_limit15.png>]
(./acknowledgement.tex) [9 <./figures/NEW/probrr_vs_HPS.png> <./figures/NEW/pro
bnotrr_vs_HPS.png>] (./RRLyrae_final3.bbl
Underfull \hbox (badness 10000) in paragraph at lines 20--23
 []\OT1/cmr/m/it/9 Asteroid terrestrial-impact last alert sys-tem\OT1/cmr/m/n/9
 ,
 []


Underfull \hbox (badness 2435) in paragraph at lines 56--59
 []\OT1/cmr/m/it/9 American as-so-ci-a-tion of varaible star ob-ser-vars\OT1/cm
r/m/n/9 ,
 []

) [10] (./RRLyrae_final3.aux)

LaTeX Warning: There were multiply-defined labels.

 ) 
Here is how much of TeX's memory you used:
 6827 strings out of 493089
 112218 string characters out of 6134842
 211303 words of memory out of 5000000
 10219 multiletter control sequences out of 15000+600000
 10561 words of font info for 41 fonts, out of 8000000 for 9000
 1141 hyphenation exceptions out of 8191
 42i,10n,44p,1186b,652s stack positions out of 5000i,500n,10000p,200000b,80000s
</usr/local/texlive/2015/texmf-dist/fonts/type1/public/amsfonts/cm/cmbx12.pfb
></usr/local/texlive/2015/texmf-dist/fonts/type1/public/amsfonts/cm/cmbx9.pfb><
/usr/local/texlive/2015/texmf-dist/fonts/type1/public/amsfonts/cm/cmex10.pfb></
usr/local/texlive/2015/texmf-dist/fonts/type1/public/amsfonts/cm/cmmi10.pfb></u
sr/local/texlive/2015/texmf-dist/fonts/type1/public/amsfonts/cm/cmmi5.pfb></usr
/local/texlive/2015/texmf-dist/fonts/type1/public/amsfonts/cm/cmmi6.pfb></usr/l
ocal/texlive/2015/texmf-dist/fonts/type1/public/amsfonts/cm/cmmi7.pfb></usr/loc
al/texlive/2015/texmf-dist/fonts/type1/public/amsfonts/cm/cmmi9.pfb></usr/local
/texlive/2015/texmf-dist/fonts/type1/public/amsfonts/cm/cmr10.pfb></usr/local/t
exlive/2015/texmf-dist/fonts/type1/public/amsfonts/cm/cmr6.pfb></usr/local/texl
ive/2015/texmf-dist/fonts/type1/public/amsfonts/cm/cmr7.pfb></usr/local/texlive
/2015/texmf-dist/fonts/type1/public/amsfonts/cm/cmr9.pfb></usr/local/texlive/20
15/texmf-dist/fonts/type1/public/amsfonts/cm/cmsy10.pfb></usr/local/texlive/201
5/texmf-dist/fonts/type1/public/amsfonts/cm/cmsy6.pfb></usr/local/texlive/2015/
texmf-dist/fonts/type1/public/amsfonts/cm/cmsy7.pfb></usr/local/texlive/2015/te
xmf-dist/fonts/type1/public/amsfonts/cm/cmsy9.pfb></usr/local/texlive/2015/texm
f-dist/fonts/type1/public/amsfonts/cm/cmti10.pfb></usr/local/texlive/2015/texmf
-dist/fonts/type1/public/amsfonts/cm/cmti9.pfb></usr/local/texlive/2015/texmf-d
ist/fonts/type1/public/amsfonts/cm/cmtt9.pfb>
Output written on RRLyrae_final3.pdf (10 pages, 1363281 bytes).
PDF statistics:
 154 PDF objects out of 1000 (max. 8388607)
 82 compressed objects within 1 object stream
 0 named destinations out of 1000 (max. 500000)
 101 words of extra memory for PDF output out of 10000 (max. 10000000)

